ERROR:root:2021-01-04 15:38:19.152930:An error occured with the weather API
ERROR:root:2021-01-04 15:38:26.970151:An error occured with the weather API
ERROR:root:2021-01-04 15:39:19.459168:An error occured with the weather API
ERROR:root:2021-01-04 15:39:19.462728:An error occured with the news API
ERROR:root:2021-01-04 15:40:46.059837:An error occured with the weather API
ERROR:root:2021-01-04 15:40:46.062555:An error occured with the news API
ERROR:root:2021-01-04 15:40:46.062712:An error occured with the weather API
ERROR:root:2021-01-04 15:40:47.169088:An error occured with the covid API
ERROR:root:2021-01-04 15:42:01.245179:An error occured with the weather API
ERROR:root:2021-01-04 15:42:01.248429:An error occured with the news API
ERROR:root:2021-01-04 15:42:01.248592:An error occured with the weather API
ERROR:root:2021-01-04 15:42:01.450079:An error occured with the covid API
ERROR:root:2021-01-04 15:42:01.861854:An error occured with the weather API
ERROR:root:2021-01-04 15:42:01.864530:An error occured with the news API
ERROR:root:2021-01-04 15:42:01.864701:An error occured with the weather API
ERROR:root:2021-01-04 15:42:02.063171:An error occured with the covid API
ERROR:root:2021-01-04 15:42:24.915544:An error occured with the news API
ERROR:root:2021-01-04 15:42:24.915883:An error occured with the weather API
ERROR:root:2021-01-04 15:42:25.878372:An error occured with the covid API
ERROR:root:2021-01-04 15:44:04.082904:An error occured with the weather API
ERROR:root:2021-01-04 15:44:04.085192:An error occured with the news API
ERROR:root:2021-01-04 15:44:04.085399:An error occured with the weather API
ERROR:root:2021-01-04 15:44:05.782776:An error occured with the covid API
ERROR:root:2021-01-04 15:44:37.792069:An error occured with the weather API
ERROR:root:2021-01-04 15:44:37.794648:An error occured with the news API
ERROR:root:2021-01-04 15:44:37.794855:An error occured with the weather API
ERROR:root:2021-01-04 15:44:37.970897:An error occured with the covid API
ERROR:root:2021-01-04 15:44:38.612012:An error occured with the weather API
ERROR:root:2021-01-04 15:44:38.613838:An error occured with the news API
ERROR:root:2021-01-04 15:44:38.614006:An error occured with the weather API
ERROR:root:2021-01-04 15:44:38.793455:An error occured with the covid API
ERROR:root:2021-01-04 15:45:34.595486:An error occured with the news API
ERROR:root:2021-01-04 15:45:34.595827:An error occured with the weather API
ERROR:root:2021-01-04 15:45:36.969245:An error occured with the covid API
ERROR:root:2021-01-04 15:46:06.175398:An error occured with the news API
ERROR:root:2021-01-04 15:46:06.175561:An error occured with the weather API
ERROR:root:2021-01-04 15:46:06.356580:An error occured with the covid API
INFO:root:2021-01-04 15:46:06.358837:An alarm called "Hello" has been set for 2021-01-04 15:47:00
INFO:root:Alarm called Hello is going off at 2021-01-04 15:47:00.002888
ERROR:root:2021-01-04 15:47:00.600617:An error occured with the weather API
ERROR:root:2021-01-04 15:47:00.601339:An error occured with the news API
ERROR:root:2021-01-04 15:47:00.601432:An error occured with the covid API
ERROR:root:2021-01-04 15:47:06.431146:An error occured with the news API
ERROR:root:2021-01-04 15:47:06.431298:An error occured with the weather API
ERROR:root:2021-01-04 15:47:07.381831:An error occured with the covid API
ERROR:root:2021-01-04 15:48:07.463621:An error occured with the news API
ERROR:root:2021-01-04 15:48:07.464996:An error occured with the weather API
ERROR:root:2021-01-04 15:48:07.671831:An error occured with the covid API
ERROR:root:2021-01-04 15:49:07.730487:An error occured with the news API
ERROR:root:2021-01-04 15:49:07.730722:An error occured with the weather API
ERROR:root:2021-01-04 15:49:09.312114:An error occured with the covid API
ERROR:root:2021-01-04 15:50:09.560697:An error occured with the news API
ERROR:root:2021-01-04 15:50:09.561256:An error occured with the weather API
ERROR:root:2021-01-04 15:50:09.872843:An error occured with the covid API
ERROR:root:2021-01-04 15:50:29.327457:An error occured with the weather API
ERROR:root:2021-01-04 15:50:29.330745:An error occured with the news API
ERROR:root:2021-01-04 15:50:29.331156:An error occured with the weather API
ERROR:root:2021-01-04 15:50:29.506579:An error occured with the covid API
ERROR:root:2021-01-04 15:50:47.883251:An error occured with the weather API
ERROR:root:2021-01-04 15:50:47.884991:An error occured with the news API
ERROR:root:2021-01-04 15:50:47.885129:An error occured with the weather API
ERROR:root:2021-01-04 15:50:50.142168:An error occured with the covid API
ERROR:root:2021-01-04 15:51:07.584576:An error occured with the weather API
ERROR:root:2021-01-04 15:51:07.586459:An error occured with the news API
ERROR:root:2021-01-04 15:51:07.587131:An error occured with the weather API
ERROR:root:2021-01-04 15:51:07.771486:An error occured with the covid API
ERROR:root:2021-01-04 15:52:05.775167:An error occured with the weather API
ERROR:root:2021-01-04 15:52:05.776773:An error occured with the news API
ERROR:root:2021-01-04 15:52:05.776964:An error occured with the weather API
ERROR:root:2021-01-04 15:52:05.984449:An error occured with the covid API
ERROR:root:2021-01-04 15:52:06.335840:An error occured with the weather API
ERROR:root:2021-01-04 15:52:06.338464:An error occured with the news API
ERROR:root:2021-01-04 15:52:06.338624:An error occured with the weather API
ERROR:root:2021-01-04 15:52:06.496940:An error occured with the covid API
ERROR:root:2021-01-04 15:52:18.310812:An error occured with the news API
ERROR:root:2021-01-04 15:52:18.311131:An error occured with the weather API
ERROR:root:2021-01-04 15:52:18.486965:An error occured with the covid API
ERROR:root:2021-01-04 15:53:20.260549:An error occured with the news API
ERROR:root:2021-01-04 15:53:20.261064:An error occured with the weather API
ERROR:root:2021-01-04 15:53:21.231130:An error occured with the covid API
ERROR:root:2021-01-04 15:54:22.240336:An error occured with the news API
ERROR:root:2021-01-04 15:54:22.240513:An error occured with the weather API
ERROR:root:2021-01-04 15:54:22.437275:An error occured with the covid API
ERROR:root:2021-01-04 15:55:25.285621:An error occured with the news API
ERROR:root:2021-01-04 15:55:25.285777:An error occured with the weather API
ERROR:root:2021-01-04 15:55:27.602918:An error occured with the covid API
ERROR:root:2021-01-04 15:55:58.209060:An error occured with the weather API
ERROR:root:2021-01-04 15:55:58.212588:An error occured with the news API
ERROR:root:2021-01-04 15:55:58.212793:An error occured with the weather API
ERROR:root:2021-01-04 15:55:58.407658:An error occured with the covid API
ERROR:root:2021-01-04 15:56:24.907942:An error occured with the news API
ERROR:root:2021-01-04 15:56:24.908176:An error occured with the weather API
ERROR:root:2021-01-04 15:56:25.098143:An error occured with the covid API
ERROR:root:2021-01-04 15:57:25.170616:An error occured with the news API
ERROR:root:2021-01-04 15:57:25.170799:An error occured with the weather API
ERROR:root:2021-01-04 15:57:27.524884:An error occured with the covid API
ERROR:root:2021-01-04 15:58:27.604109:An error occured with the news API
ERROR:root:2021-01-04 15:58:27.604262:An error occured with the weather API
ERROR:root:2021-01-04 15:58:27.794986:An error occured with the covid API
ERROR:root:2021-01-04 15:59:27.858573:An error occured with the news API
ERROR:root:2021-01-04 15:59:27.858748:An error occured with the weather API
ERROR:root:2021-01-04 15:59:30.302472:An error occured with the covid API
ERROR:root:2021-01-04 16:00:30.381594:An error occured with the news API
ERROR:root:2021-01-04 16:00:30.381806:An error occured with the weather API
ERROR:root:2021-01-04 16:00:30.568355:An error occured with the covid API
ERROR:root:2021-01-04 16:01:30.638348:An error occured with the news API
ERROR:root:2021-01-04 16:01:30.638548:An error occured with the weather API
ERROR:root:2021-01-04 16:01:34.719396:An error occured with the covid API
ERROR:root:2021-01-04 16:02:36.272961:An error occured with the news API
ERROR:root:2021-01-04 16:02:36.273124:An error occured with the weather API
ERROR:root:2021-01-04 16:02:36.469601:An error occured with the covid API
ERROR:root:2021-01-04 16:03:38.541924:An error occured with the news API
ERROR:root:2021-01-04 16:03:38.542509:An error occured with the weather API
ERROR:root:2021-01-04 16:03:40.136057:An error occured with the covid API
ERROR:root:2021-01-04 16:04:40.206938:An error occured with the news API
ERROR:root:2021-01-04 16:04:40.207329:An error occured with the weather API
ERROR:root:2021-01-04 16:04:40.411075:An error occured with the covid API
ERROR:root:2021-01-04 16:05:40.475110:An error occured with the news API
ERROR:root:2021-01-04 16:05:40.475479:An error occured with the weather API
ERROR:root:2021-01-04 16:05:42.195541:An error occured with the covid API
ERROR:root:2021-01-04 16:06:45.252313:An error occured with the news API
ERROR:root:2021-01-04 16:06:45.252560:An error occured with the weather API
ERROR:root:2021-01-04 16:06:45.460651:An error occured with the covid API
ERROR:root:2021-01-04 16:07:45.525059:An error occured with the news API
ERROR:root:2021-01-04 16:07:45.525393:An error occured with the weather API
ERROR:root:2021-01-04 16:07:47.869805:An error occured with the covid API
ERROR:root:2021-01-04 16:08:47.976298:An error occured with the news API
ERROR:root:2021-01-04 16:08:47.976559:An error occured with the weather API
ERROR:root:2021-01-04 16:08:48.258032:An error occured with the covid API
ERROR:root:2021-01-04 16:09:48.407323:An error occured with the news API
ERROR:root:2021-01-04 16:09:48.407483:An error occured with the weather API
ERROR:root:2021-01-04 16:09:50.970012:An error occured with the covid API
ERROR:root:2021-01-04 16:10:51.038867:An error occured with the news API
ERROR:root:2021-01-04 16:10:51.040373:An error occured with the weather API
ERROR:root:2021-01-04 16:10:52.232419:An error occured with the covid API
ERROR:root:2021-01-04 16:11:52.608411:An error occured with the news API
ERROR:root:2021-01-04 16:11:52.614665:An error occured with the weather API
ERROR:root:2021-01-04 16:11:53.623435:An error occured with the covid API
ERROR:root:2021-01-04 16:12:53.862306:An error occured with the news API
ERROR:root:2021-01-04 16:12:53.862656:An error occured with the weather API
ERROR:root:2021-01-04 16:12:54.089308:An error occured with the covid API
ERROR:root:2021-01-04 16:13:54.156114:An error occured with the news API
ERROR:root:2021-01-04 16:13:54.156450:An error occured with the weather API
ERROR:root:2021-01-04 16:13:55.721083:An error occured with the covid API
ERROR:root:2021-01-04 16:14:55.835433:An error occured with the news API
ERROR:root:2021-01-04 16:14:55.835818:An error occured with the weather API
ERROR:root:2021-01-04 16:14:56.064015:An error occured with the covid API
ERROR:root:2021-01-04 16:15:54.451113:An error occured with the news API
ERROR:root:2021-01-04 16:15:54.451517:An error occured with the weather API
ERROR:root:2021-01-04 16:15:55.392261:An error occured with the covid API
ERROR:root:2021-01-04 16:16:55.504402:An error occured with the news API
ERROR:root:2021-01-04 16:16:55.504960:An error occured with the weather API
ERROR:root:2021-01-04 16:16:55.740380:An error occured with the covid API
ERROR:root:2021-01-04 16:17:56.777770:An error occured with the news API
ERROR:root:2021-01-04 16:17:56.778176:An error occured with the weather API
ERROR:root:2021-01-04 16:17:57.796600:An error occured with the covid API
ERROR:root:2021-01-04 16:18:57.857645:An error occured with the news API
ERROR:root:2021-01-04 16:18:57.858466:An error occured with the weather API
ERROR:root:2021-01-04 16:18:58.053380:An error occured with the covid API
ERROR:root:2021-01-04 16:20:01.094219:An error occured with the news API
ERROR:root:2021-01-04 16:20:01.095262:An error occured with the weather API
ERROR:root:2021-01-04 16:20:02.037779:An error occured with the covid API
ERROR:root:2021-01-04 16:21:02.100707:An error occured with the news API
ERROR:root:2021-01-04 16:21:02.105149:An error occured with the weather API
ERROR:root:2021-01-04 16:21:02.327465:An error occured with the covid API
ERROR:root:2021-01-04 16:22:02.409278:An error occured with the news API
ERROR:root:2021-01-04 16:22:02.409703:An error occured with the weather API
ERROR:root:2021-01-04 16:22:04.001790:An error occured with the covid API
ERROR:root:2021-01-04 16:23:05.639237:An error occured with the news API
ERROR:root:2021-01-04 16:23:05.639395:An error occured with the weather API
ERROR:root:2021-01-04 16:23:05.838637:An error occured with the covid API
ERROR:root:2021-01-04 16:24:05.893754:An error occured with the news API
ERROR:root:2021-01-04 16:24:05.896012:An error occured with the weather API
ERROR:root:2021-01-04 16:24:07.198026:An error occured with the weather API
ERROR:root:2021-01-04 16:24:07.209815:An error occured with the news API
ERROR:root:2021-01-04 16:24:07.210037:An error occured with the weather API
ERROR:root:2021-01-04 16:24:08.374060:An error occured with the covid API
ERROR:root:2021-01-04 16:24:08.431194:An error occured with the news API
ERROR:root:2021-01-04 16:24:08.431524:An error occured with the weather API
ERROR:root:2021-01-04 16:24:08.673709:An error occured with the covid API
ERROR:root:2021-01-04 16:24:12.944491:An error occured with the news API
ERROR:root:2021-01-04 16:24:12.944821:An error occured with the weather API
ERROR:root:2021-01-04 16:24:13.108326:An error occured with the covid API
ERROR:root:2021-01-04 16:24:20.033094:An error occured with the news API
ERROR:root:2021-01-04 16:24:20.033426:An error occured with the weather API
ERROR:root:2021-01-04 16:24:20.230209:An error occured with the covid API
ERROR:root:2021-01-04 16:25:20.412630:An error occured with the news API
ERROR:root:2021-01-04 16:25:20.412777:An error occured with the weather API
ERROR:root:2021-01-04 16:25:20.623110:An error occured with the covid API
ERROR:root:2021-01-04 16:26:22.525103:An error occured with the news API
ERROR:root:2021-01-04 16:26:22.525260:An error occured with the weather API
ERROR:root:2021-01-04 16:26:24.966273:An error occured with the covid API
ERROR:root:2021-01-04 16:27:25.034462:An error occured with the news API
ERROR:root:2021-01-04 16:27:25.035181:An error occured with the weather API
ERROR:root:2021-01-04 16:27:25.287156:An error occured with the covid API
ERROR:root:2021-01-04 16:28:25.354816:An error occured with the news API
ERROR:root:2021-01-04 16:28:25.358435:An error occured with the weather API
ERROR:root:2021-01-04 16:28:26.936946:An error occured with the covid API
ERROR:root:2021-01-04 16:29:27.032997:An error occured with the news API
ERROR:root:2021-01-04 16:29:27.033908:An error occured with the weather API
ERROR:root:2021-01-04 16:29:27.899176:An error occured with the covid API
ERROR:root:2021-01-04 16:30:27.964812:An error occured with the news API
ERROR:root:2021-01-04 16:30:27.965420:An error occured with the weather API
ERROR:root:2021-01-04 16:30:28.965853:An error occured with the covid API
ERROR:root:2021-01-04 16:31:29.043777:An error occured with the news API
ERROR:root:2021-01-04 16:31:29.044934:An error occured with the weather API
ERROR:root:2021-01-04 16:31:29.233725:An error occured with the covid API
ERROR:root:2021-01-04 16:32:32.259964:An error occured with the news API
ERROR:root:2021-01-04 16:32:32.260934:An error occured with the weather API
ERROR:root:2021-01-04 16:32:44.672831:An error occured with the covid API
ERROR:root:2021-01-04 16:33:45.396926:An error occured with the news API
ERROR:root:2021-01-04 16:33:45.397168:An error occured with the weather API
ERROR:root:2021-01-04 16:33:45.604451:An error occured with the covid API
ERROR:root:2021-01-04 16:34:45.671490:An error occured with the news API
ERROR:root:2021-01-04 16:34:45.671980:An error occured with the weather API
ERROR:root:2021-01-04 16:34:48.580084:An error occured with the covid API
ERROR:root:2021-01-04 16:35:51.637090:An error occured with the news API
ERROR:root:2021-01-04 16:35:51.637245:An error occured with the weather API
ERROR:root:2021-01-04 16:35:51.829869:An error occured with the covid API
ERROR:root:2021-01-04 16:36:51.895359:An error occured with the news API
ERROR:root:2021-01-04 16:36:51.895607:An error occured with the weather API
ERROR:root:2021-01-04 16:36:54.327598:An error occured with the covid API
ERROR:root:2021-01-04 16:37:55.365778:An error occured with the news API
ERROR:root:2021-01-04 16:37:55.366393:An error occured with the weather API
ERROR:root:2021-01-04 16:37:55.582426:An error occured with the covid API
ERROR:root:2021-01-04 16:39:05.450146:An error occured with the weather API
ERROR:root:2021-01-04 16:39:05.453248:An error occured with the news API
ERROR:root:2021-01-04 16:39:05.457809:An error occured with the weather API
ERROR:root:2021-01-04 16:39:07.253221:An error occured with the covid API
ERROR:root:2021-01-04 16:39:07.755786:An error occured with the weather API
ERROR:root:2021-01-04 16:39:07.757905:An error occured with the news API
ERROR:root:2021-01-04 16:39:07.758071:An error occured with the weather API
ERROR:root:2021-01-04 16:39:07.927371:An error occured with the covid API
ERROR:root:2021-01-04 16:39:11.436893:An error occured with the news API
ERROR:root:2021-01-04 16:39:11.437224:An error occured with the weather API
ERROR:root:2021-01-04 16:39:11.591968:An error occured with the covid API
ERROR:root:2021-01-04 16:40:11.785894:An error occured with the news API
ERROR:root:2021-01-04 16:40:11.786183:An error occured with the weather API
ERROR:root:2021-01-04 16:40:11.977048:An error occured with the covid API
ERROR:root:2021-01-04 16:40:41.406970:An error occured with the news API
ERROR:root:2021-01-04 16:40:41.407230:An error occured with the weather API
ERROR:root:2021-01-04 16:40:43.805043:An error occured with the covid API
ERROR:root:2021-01-04 16:40:59.843625:An error occured with the news API
ERROR:root:2021-01-04 16:40:59.844047:An error occured with the weather API
ERROR:root:2021-01-04 16:41:00.031623:An error occured with the covid API
ERROR:root:2021-01-04 16:41:32.431589:An error has occured with the weather API
ERROR:root:2021-01-04 16:41:32.433705:An error occured with the news API
ERROR:root:2021-01-04 16:41:32.433932:An error occured with the weather API
ERROR:root:2021-01-04 16:41:32.602710:An error occured with the covid API
ERROR:root:2021-01-04 16:41:43.334998:An error has occured with the weather API
ERROR:root:2021-01-04 16:41:43.336844:An error occured with the news API
ERROR:root:2021-01-04 16:41:43.337083:An error occured with the weather API
ERROR:root:2021-01-04 16:41:43.530834:An error occured with the covid API
ERROR:root:2021-01-04 16:42:02.059726:An error occured with the news API
ERROR:root:2021-01-04 16:42:02.059938:An error occured with the weather API
ERROR:root:2021-01-04 16:42:02.230756:An error occured with the covid API
ERROR:root:2021-01-04 16:43:02.297030:An error occured with the news API
ERROR:root:2021-01-04 16:43:02.297747:An error occured with the weather API
ERROR:root:2021-01-04 16:43:04.710183:An error occured with the covid API
ERROR:root:2021-01-04 16:44:04.769995:An error occured with the news API
ERROR:root:2021-01-04 16:44:04.771888:An error occured with the weather API
ERROR:root:2021-01-04 16:44:04.974911:An error occured with the covid API
ERROR:root:2021-01-04 16:45:08.016712:An error occured with the news API
ERROR:root:2021-01-04 16:45:08.017739:An error occured with the weather API
ERROR:root:2021-01-04 16:45:10.295125:An error occured with the covid API
ERROR:root:2021-01-04 16:46:10.362072:An error occured with the news API
ERROR:root:2021-01-04 16:46:10.362405:An error occured with the weather API
ERROR:root:2021-01-04 16:46:10.578054:An error occured with the covid API
ERROR:root:2021-01-04 16:47:10.648336:An error occured with the news API
ERROR:root:2021-01-04 16:47:10.648558:An error occured with the weather API
ERROR:root:2021-01-04 16:47:11.589245:An error occured with the covid API
ERROR:root:2021-01-04 16:48:11.653196:An error occured with the news API
ERROR:root:2021-01-04 16:48:11.653386:An error occured with the weather API
ERROR:root:2021-01-04 16:48:11.830449:An error occured with the covid API
ERROR:root:2021-01-04 16:49:11.901255:An error occured with the news API
ERROR:root:2021-01-04 16:49:11.901851:An error occured with the weather API
ERROR:root:2021-01-04 16:49:14.458774:An error occured with the covid API
ERROR:root:2021-01-04 16:49:32.113951:An error has occured with the weather API
ERROR:root:2021-01-04 16:49:32.115828:An error occured with the news API
ERROR:root:2021-01-04 16:49:32.116015:An error occured with the weather API
ERROR:root:2021-01-04 16:49:32.276517:An error occured with the covid API
ERROR:root:2021-01-04 16:49:34.911236:An error has occured with the weather API
ERROR:root:2021-01-04 16:49:34.913579:An error occured with the news API
ERROR:root:2021-01-04 16:49:34.913762:An error occured with the weather API
ERROR:root:2021-01-04 16:49:35.096386:An error occured with the covid API
ERROR:root:2021-01-04 16:49:39.638774:An error has occured with the weather API
ERROR:root:2021-01-04 16:49:39.640456:An error occured with the news API
ERROR:root:2021-01-04 16:49:39.640711:An error occured with the weather API
ERROR:root:2021-01-04 16:49:39.792002:An error occured with the covid API
ERROR:root:2021-01-04 16:49:56.671960:An error has occured with the weather API
ERROR:root:2021-01-04 16:49:56.673777:An error occured with the news API
ERROR:root:2021-01-04 16:49:56.673993:An error occured with the weather API
ERROR:root:2021-01-04 16:49:56.866980:An error occured with the covid API
ERROR:root:2021-01-04 16:50:15.733853:An error occured with the news API
ERROR:root:2021-01-04 16:50:15.734430:An error occured with the weather API
ERROR:root:2021-01-04 16:50:15.884679:An error occured with the covid API
ERROR:root:2021-01-04 16:51:24.598374:An error has occured with the weather API
ERROR:root:2021-01-04 16:51:24.601391:An error occured with the news API
ERROR:root:2021-01-04 16:51:24.601574:An error occured with the weather API
ERROR:root:2021-01-04 16:51:26.177163:An error occured with the covid API
ERROR:root:2021-01-04 16:51:26.590680:An error has occured with the weather API
ERROR:root:2021-01-04 16:51:26.593277:An error occured with the news API
ERROR:root:2021-01-04 16:51:26.593438:An error occured with the weather API
ERROR:root:2021-01-04 16:51:26.763512:An error occured with the covid API
ERROR:root:2021-01-04 16:51:32.838257:An error occured with the news API
ERROR:root:2021-01-04 16:51:32.838549:An error occured with the weather API
ERROR:root:2021-01-04 16:51:33.033162:An error occured with the covid API
ERROR:root:2021-01-04 16:52:33.539787:An error occured with the news API
ERROR:root:2021-01-04 16:52:33.540711:An error occured with the weather API
ERROR:root:2021-01-04 16:52:33.748697:An error occured with the covid API
ERROR:root:2021-01-04 16:53:03.249963:An error has occured with the weather API
ERROR:root:2021-01-04 16:53:03.252044:An error occured with the news API
ERROR:root:2021-01-04 16:53:03.252270:An error occured with the weather API
ERROR:root:2021-01-04 16:53:05.604079:An error occured with the covid API
ERROR:root:2021-01-04 16:53:33.846318:An error occured with the news API
ERROR:root:2021-01-04 16:53:33.846665:An error occured with the weather API
ERROR:root:2021-01-04 16:53:34.038124:An error occured with the covid API
ERROR:root:2021-01-04 16:54:24.277195:An error has occured with the weather API
ERROR:root:2021-01-04 16:54:24.280268:An error occured with the news API
ERROR:root:2021-01-04 16:54:24.280404:An error occured with the weather API
ERROR:root:2021-01-04 16:54:24.505386:An error occured with the covid API
ERROR:root:2021-01-04 16:54:24.935064:An error has occured with the weather API
ERROR:root:2021-01-04 16:54:24.938014:An error occured with the news API
ERROR:root:2021-01-04 16:54:24.938178:An error occured with the weather API
ERROR:root:2021-01-04 16:54:25.115512:An error occured with the covid API
ERROR:root:2021-01-04 16:54:34.813816:An error occured with the news API
ERROR:root:2021-01-04 16:54:34.815123:An error occured with the weather API
ERROR:root:2021-01-04 16:54:35.413729:An error occured with the covid API
ERROR:root:2021-01-04 16:54:55.152346:An error has occured with the weather API
ERROR:root:2021-01-04 16:54:55.154555:An error occured with the news API
ERROR:root:2021-01-04 16:54:55.154737:An error occured with the weather API
ERROR:root:2021-01-04 16:54:56.812707:An error occured with the covid API
ERROR:root:2021-01-04 16:54:57.209276:An error has occured with the weather API
ERROR:root:2021-01-04 16:54:57.211883:An error occured with the news API
ERROR:root:2021-01-04 16:54:57.212030:An error occured with the weather API
ERROR:root:2021-01-04 16:54:57.435030:An error occured with the covid API
ERROR:root:2021-01-04 16:55:05.254135:An error occured with the news API
ERROR:root:2021-01-04 16:55:05.254477:An error occured with the weather API
ERROR:root:2021-01-04 16:55:05.465537:An error occured with the covid API
ERROR:root:2021-01-04 16:56:05.544191:An error occured with the news API
ERROR:root:2021-01-04 16:56:05.544624:An error occured with the weather API
ERROR:root:2021-01-04 16:56:06.857330:An error occured with the covid API
ERROR:root:2021-01-04 16:57:06.920403:An error occured with the news API
ERROR:root:2021-01-04 16:57:06.920607:An error occured with the weather API
ERROR:root:2021-01-04 16:57:08.165488:An error occured with the covid API
ERROR:root:2021-01-04 16:58:08.222267:An error occured with the news API
ERROR:root:2021-01-04 16:58:08.222468:An error occured with the weather API
ERROR:root:2021-01-04 16:58:09.716902:An error occured with the covid API
ERROR:root:2021-01-04 16:59:09.779222:An error occured with the news API
ERROR:root:2021-01-04 16:59:09.779443:An error occured with the weather API
ERROR:root:2021-01-04 16:59:10.955078:An error occured with the covid API
ERROR:root:2021-01-04 17:01:56.844004:An error has occured with the weather API
ERROR:root:2021-01-04 17:01:56.847259:An error occured with the news API
ERROR:root:2021-01-04 17:01:56.847514:An error occured with the weather API
ERROR:root:2021-01-04 17:01:57.821587:An error occured with the covid API
ERROR:root:2021-01-04 17:01:58.504037:An error has occured with the weather API
ERROR:root:2021-01-04 17:01:58.506826:An error occured with the news API
ERROR:root:2021-01-04 17:01:58.507028:An error occured with the weather API
ERROR:root:2021-01-04 17:01:58.695074:An error occured with the covid API
ERROR:root:2021-01-04 17:03:13.040847:An error occured with the news API
ERROR:root:2021-01-04 17:03:13.041440:An error occured with the weather API
ERROR:root:2021-01-04 17:03:15.239048:An error occured with the covid API
ERROR:root:2021-01-04 17:03:52.685277:An error occured with the news API
ERROR:root:2021-01-04 17:03:52.686016:An error occured with the weather API
ERROR:root:2021-01-04 17:03:52.951916:An error occured with the covid API
ERROR:root:2021-01-04 17:04:12.625823:An error occured with the news API
ERROR:root:2021-01-04 17:04:12.626236:An error occured with the weather API
ERROR:root:2021-01-04 17:04:12.813305:An error occured with the covid API
ERROR:root:2021-01-04 17:04:52.435305:An error occured with the news API
ERROR:root:2021-01-04 17:04:52.435680:An error occured with the weather API
ERROR:root:2021-01-04 17:04:53.847480:An error occured with the covid API
ERROR:root:2021-01-04 17:04:54.088193:An error occured with the news API
ERROR:root:2021-01-04 17:04:54.088323:An error occured with the weather API
ERROR:root:2021-01-04 17:04:54.255105:An error occured with the covid API
ERROR:root:2021-01-04 17:05:55.103550:An error occured with the news API
ERROR:root:2021-01-04 17:05:55.105433:An error occured with the weather API
ERROR:root:2021-01-04 17:05:55.346830:An error occured with the covid API
ERROR:root:2021-01-04 17:06:55.606980:An error occured with the news API
ERROR:root:2021-01-04 17:06:55.607284:An error occured with the weather API
ERROR:root:2021-01-04 17:06:57.307411:An error occured with the covid API
ERROR:root:2021-01-04 17:07:59.606712:An error occured with the news API
ERROR:root:2021-01-04 17:07:59.607020:An error occured with the weather API
ERROR:root:2021-01-04 17:07:59.809581:An error occured with the covid API
ERROR:root:2021-01-04 17:08:59.893881:An error occured with the news API
ERROR:root:2021-01-04 17:08:59.894109:An error occured with the weather API
ERROR:root:2021-01-04 17:09:02.131407:An error occured with the covid API
ERROR:root:2021-01-04 17:10:03.968040:An error occured with the news API
ERROR:root:2021-01-04 17:10:03.968272:An error occured with the weather API
ERROR:root:2021-01-04 17:10:04.253023:An error occured with the covid API
ERROR:root:2021-01-04 17:11:04.320204:An error occured with the news API
ERROR:root:2021-01-04 17:11:04.320551:An error occured with the weather API
ERROR:root:2021-01-04 17:11:05.910563:An error occured with the covid API
ERROR:root:2021-01-04 17:12:05.991388:An error occured with the news API
ERROR:root:2021-01-04 17:12:05.991765:An error occured with the weather API
ERROR:root:2021-01-04 17:12:06.193684:An error occured with the covid API
ERROR:root:2021-01-04 17:12:16.204416:An error occured with the news API
ERROR:root:2021-01-04 17:12:16.204581:An error occured with the weather API
ERROR:root:2021-01-04 17:12:16.378095:An error occured with the covid API
ERROR:root:2021-01-04 17:13:16.458885:An error occured with the news API
ERROR:root:2021-01-04 17:13:16.459053:An error occured with the weather API
ERROR:root:2021-01-04 17:13:18.699307:An error occured with the covid API
ERROR:root:2021-01-04 17:14:18.768889:An error occured with the news API
ERROR:root:2021-01-04 17:14:18.769721:An error occured with the weather API
ERROR:root:2021-01-04 17:14:18.984748:An error occured with the covid API
ERROR:root:2021-01-04 17:15:19.094513:An error occured with the news API
ERROR:root:2021-01-04 17:15:19.095104:An error occured with the weather API
ERROR:root:2021-01-04 17:15:21.415491:An error occured with the covid API
ERROR:root:2021-01-04 17:15:59.749651:An error has occured with the weather API
ERROR:root:2021-01-04 17:15:59.753433:An error occured with the news API
ERROR:root:2021-01-04 17:15:59.753671:An error occured with the weather API
ERROR:root:2021-01-04 17:15:59.957078:An error occured with the covid API
ERROR:root:2021-01-04 17:16:02.519844:An error has occured with the weather API
ERROR:root:2021-01-04 17:16:02.521702:An error occured with the news API
ERROR:root:2021-01-04 17:16:02.521838:An error occured with the weather API
ERROR:root:2021-01-04 17:16:02.698542:An error occured with the covid API
ERROR:root:2021-01-04 17:16:21.647445:An error occured with the news API
ERROR:root:2021-01-04 17:16:21.647691:An error occured with the weather API
ERROR:root:2021-01-04 17:16:21.827357:An error occured with the covid API
ERROR:root:2021-01-04 17:17:22.798064:An error occured with the news API
ERROR:root:2021-01-04 17:17:22.798357:An error occured with the weather API
ERROR:root:2021-01-04 17:17:25.534668:An error occured with the covid API
ERROR:root:2021-01-04 17:18:25.595900:An error occured with the news API
ERROR:root:2021-01-04 17:18:25.596157:An error occured with the weather API
ERROR:root:2021-01-04 17:18:25.835889:An error occured with the covid API
ERROR:root:2021-01-04 17:18:30.223589:An error has occured with the weather API
ERROR:root:2021-01-04 17:18:30.225925:An error occured with the news API
ERROR:root:2021-01-04 17:18:30.226060:An error occured with the weather API
ERROR:root:2021-01-04 17:18:30.407437:An error occured with the covid API
ERROR:root:2021-01-04 17:18:57.512954:An error occured with the news API
ERROR:root:2021-01-04 17:18:57.513345:An error occured with the weather API
ERROR:root:2021-01-04 17:18:59.761146:An error occured with the covid API
ERROR:root:2021-01-04 17:24:35.867733:An error has occured with the weather API
ERROR:root:2021-01-04 17:24:35.871031:An error occured with the news API
ERROR:root:2021-01-04 17:24:35.871163:An error occured with the weather API
ERROR:root:2021-01-04 17:24:37.677025:An error occured with the covid API
ERROR:root:2021-01-04 17:24:38.150068:An error has occured with the weather API
ERROR:root:2021-01-04 17:24:38.152839:An error occured with the news API
ERROR:root:2021-01-04 17:24:38.152992:An error occured with the weather API
ERROR:root:2021-01-04 17:24:38.356624:An error occured with the covid API
ERROR:root:2021-01-04 17:27:19.132462:An error has occured with the weather API
ERROR:root:2021-01-04 17:27:19.134664:An error occured with the news API
ERROR:root:2021-01-04 17:27:19.134846:An error occured with the weather API
ERROR:root:2021-01-04 17:27:21.529794:An error occured with the covid API
ERROR:root:2021-01-04 17:28:10.133806:An error has occured with the weather API
ERROR:root:2021-01-04 17:28:10.136089:An error occured with the news API
ERROR:root:2021-01-04 17:28:10.136316:An error occured with the weather API
ERROR:root:2021-01-04 17:28:10.336706:An error occured with the covid API
ERROR:root:2021-01-04 17:30:22.319952:An error has occured with the weather API
ERROR:root:2021-01-04 17:30:22.324286:An error occured with the news API
ERROR:root:2021-01-04 17:30:22.324481:An error occured with the weather API
ERROR:root:2021-01-04 17:30:24.815871:An error occured with the covid API
ERROR:root:2021-01-04 17:30:25.428084:An error has occured with the weather API
ERROR:root:2021-01-04 17:30:25.430097:An error occured with the news API
ERROR:root:2021-01-04 17:30:25.431039:An error occured with the weather API
ERROR:root:2021-01-04 17:30:25.607185:An error occured with the covid API
ERROR:root:2021-01-04 17:30:38.681394:An error occured with the news API
ERROR:root:2021-01-04 17:30:38.681759:An error occured with the weather API
ERROR:root:2021-01-04 17:30:38.861831:An error occured with the covid API
ERROR:root:2021-01-04 17:31:26.612649:An error occured with the news API
ERROR:root:2021-01-04 17:31:26.613938:An error occured with the weather API
ERROR:root:2021-01-04 17:31:26.811292:An error occured with the covid API
ERROR:root:2021-01-04 17:31:34.321135:An error occured with the news API
ERROR:root:2021-01-04 17:31:34.321296:An error occured with the weather API
ERROR:root:2021-01-04 17:31:34.534008:An error occured with the covid API
ERROR:root:2021-01-04 17:32:35.553910:An error occured with the news API
ERROR:root:2021-01-04 17:32:35.554144:An error occured with the weather API
ERROR:root:2021-01-04 17:32:38.426662:An error occured with the covid API
ERROR:root:2021-01-04 17:33:16.953362:An error occured with the news API
ERROR:root:2021-01-04 17:33:16.955282:An error occured with the weather API
ERROR:root:2021-01-04 17:33:17.194310:An error occured with the covid API
ERROR:root:2021-01-04 17:34:17.286916:An error occured with the news API
ERROR:root:2021-01-04 17:34:17.287079:An error occured with the weather API
ERROR:root:2021-01-04 17:34:19.507111:An error occured with the covid API
ERROR:root:2021-01-04 17:35:19.567748:An error occured with the news API
ERROR:root:2021-01-04 17:35:19.567948:An error occured with the weather API
ERROR:root:2021-01-04 17:35:19.861639:An error occured with the covid API
ERROR:root:2021-01-04 17:36:22.811284:An error occured with the news API
ERROR:root:2021-01-04 17:36:22.811427:An error occured with the weather API
ERROR:root:2021-01-04 17:36:23.833535:An error occured with the covid API
ERROR:root:2021-01-04 17:37:23.906668:An error occured with the news API
ERROR:root:2021-01-04 17:37:23.906860:An error occured with the weather API
ERROR:root:2021-01-04 17:37:24.106656:An error occured with the covid API
ERROR:root:2021-01-04 17:38:24.180270:An error occured with the news API
ERROR:root:2021-01-04 17:38:24.180462:An error occured with the weather API
ERROR:root:2021-01-04 17:38:25.891950:An error occured with the covid API
ERROR:root:2021-01-04 17:39:25.959718:An error occured with the news API
ERROR:root:2021-01-04 17:39:25.960022:An error occured with the weather API
ERROR:root:2021-01-04 17:39:26.158894:An error occured with the covid API
ERROR:root:2021-01-04 17:40:26.225252:An error occured with the news API
ERROR:root:2021-01-04 17:40:26.225442:An error occured with the weather API
ERROR:root:2021-01-04 17:40:27.953619:An error occured with the covid API
ERROR:root:2021-01-04 17:41:11.017712:An error occured with the news API
ERROR:root:2021-01-04 17:41:11.018245:An error occured with the weather API
ERROR:root:2021-01-04 17:41:11.252194:An error occured with the covid API
ERROR:root:2021-01-04 17:41:28.019869:An error occured with the news API
ERROR:root:2021-01-04 17:41:28.020262:An error occured with the weather API
ERROR:root:2021-01-04 17:41:28.195619:An error occured with the covid API
ERROR:root:2021-01-04 17:42:12.095401:An error occured with the news API
ERROR:root:2021-01-04 17:42:12.097148:An error occured with the weather API
ERROR:root:2021-01-04 17:42:13.120668:An error occured with the covid API
ERROR:root:2021-01-04 17:42:28.297567:An error occured with the news API
ERROR:root:2021-01-04 17:42:28.305103:An error occured with the weather API
ERROR:root:2021-01-04 17:42:28.558109:An error occured with the covid API
ERROR:root:2021-01-04 17:43:13.217788:An error occured with the news API
ERROR:root:2021-01-04 17:43:13.219565:An error occured with the weather API
ERROR:root:2021-01-04 17:43:13.444017:An error occured with the covid API
ERROR:root:2021-01-04 17:43:17.629816:An error has occured with the weather API
ERROR:root:2021-01-04 17:43:17.632852:An error occured with the news API
ERROR:root:2021-01-04 17:43:17.633018:An error occured with the weather API
ERROR:root:2021-01-04 17:43:17.966245:An error occured with the covid API
ERROR:root:2021-01-04 17:43:28.729322:An error occured with the news API
ERROR:root:2021-01-04 17:43:28.729704:An error occured with the weather API
ERROR:root:2021-01-04 17:43:28.918749:An error occured with the covid API
ERROR:root:2021-01-04 17:44:13.571753:An error occured with the news API
ERROR:root:2021-01-04 17:44:13.571924:An error occured with the weather API
ERROR:root:2021-01-04 17:44:14.531911:An error occured with the covid API
ERROR:root:2021-01-04 17:44:29.076543:An error occured with the news API
ERROR:root:2021-01-04 17:44:29.076778:An error occured with the weather API
ERROR:root:2021-01-04 17:44:29.776511:An error occured with the covid API
ERROR:root:2021-01-04 17:45:14.606643:An error occured with the news API
ERROR:root:2021-01-04 17:45:14.606809:An error occured with the weather API
ERROR:root:2021-01-04 17:45:14.800391:An error occured with the covid API
ERROR:root:2021-01-04 17:45:29.849528:An error occured with the news API
ERROR:root:2021-01-04 17:45:29.849703:An error occured with the weather API
ERROR:root:2021-01-04 17:45:30.446503:An error occured with the covid API
ERROR:root:2021-01-04 17:45:46.618834:An error has occured with the weather API
ERROR:root:2021-01-04 17:45:46.621670:An error occured with the news API
ERROR:root:2021-01-04 17:45:46.621816:An error occured with the weather API
ERROR:root:2021-01-04 17:45:47.761194:An error occured with the covid API
ERROR:root:2021-01-04 17:46:08.796638:An error has occured with the weather API
ERROR:root:2021-01-04 17:46:08.799600:An error occured with the news API
ERROR:root:2021-01-04 17:46:08.799794:An error occured with the weather API
ERROR:root:2021-01-04 17:46:09.005956:An error occured with the covid API
ERROR:root:2021-01-04 18:00:26.285573:An error has occured with the weather API
ERROR:root:2021-01-04 18:00:26.289512:An error occured with the news API
ERROR:root:2021-01-04 18:00:26.289669:An error occured with the weather API
ERROR:root:2021-01-04 18:00:28.713960:An error occured with the covid API
ERROR:root:2021-01-04 18:00:29.076523:An error has occured with the weather API
ERROR:root:2021-01-04 18:00:29.079241:An error occured with the news API
ERROR:root:2021-01-04 18:00:29.079396:An error occured with the weather API
ERROR:root:2021-01-04 18:00:29.240676:An error occured with the covid API
ERROR:root:2021-01-04 18:00:33.353732:An error occured with the news API
ERROR:root:2021-01-04 18:00:33.354007:An error occured with the weather API
ERROR:root:2021-01-04 18:00:33.525689:An error occured with the covid API
ERROR:root:2021-01-04 18:00:57.403752:An error has occured with the weather API
ERROR:root:2021-01-04 18:00:57.406347:An error occured with the news API
ERROR:root:2021-01-04 18:00:57.406587:An error occured with the weather API
ERROR:root:2021-01-04 18:00:57.584074:An error occured with the covid API
ERROR:root:2021-01-04 18:01:02.930700:An error occured with the news API
ERROR:root:2021-01-04 18:01:02.931032:An error occured with the weather API
ERROR:root:2021-01-04 18:01:03.118083:An error occured with the covid API
ERROR:root:2021-01-04 18:02:26.149163:An error has occured with the weather API
ERROR:root:2021-01-04 18:02:26.151694:An error occured with the news API
ERROR:root:2021-01-04 18:02:26.152105:An error occured with the weather API
ERROR:root:2021-01-04 18:02:33.222345:An error occured with the covid API
ERROR:root:2021-01-04 18:02:33.791505:An error has occured with the weather API
ERROR:root:2021-01-04 18:02:33.794185:An error occured with the news API
ERROR:root:2021-01-04 18:02:33.794417:An error occured with the weather API
ERROR:root:2021-01-04 18:02:33.968179:An error occured with the covid API
ERROR:root:2021-01-04 18:02:39.456574:An error occured with the news API
ERROR:root:2021-01-04 18:02:39.456906:An error occured with the weather API
ERROR:root:2021-01-04 18:02:39.765552:An error occured with the covid API
ERROR:root:2021-01-04 18:02:53.809567:An error has occured with the weather API
ERROR:root:2021-01-04 18:02:53.811449:An error occured with the news API
ERROR:root:2021-01-04 18:02:53.811664:An error occured with the weather API
ERROR:root:2021-01-04 18:02:53.985153:An error occured with the covid API
ERROR:root:2021-01-04 18:02:57.743479:An error occured with the news API
ERROR:root:2021-01-04 18:02:57.743799:An error occured with the weather API
ERROR:root:2021-01-04 18:02:57.900968:An error occured with the covid API
ERROR:root:2021-01-04 18:03:12.871206:An error occured with the news API
ERROR:root:2021-01-04 18:03:12.871876:An error occured with the weather API
ERROR:root:2021-01-04 18:03:13.082203:An error occured with the covid API
ERROR:root:2021-01-04 18:03:18.749792:An error occured with the news API
ERROR:root:2021-01-04 18:03:18.750164:An error occured with the weather API
ERROR:root:2021-01-04 18:03:18.978225:An error occured with the covid API
ERROR:root:2021-01-04 18:03:38.545811:An error occured with the news API
ERROR:root:2021-01-04 18:03:38.546027:An error occured with the weather API
ERROR:root:2021-01-04 18:03:38.717651:An error occured with the covid API
INFO:root:2021-01-04 18:03:38.719769:An alarm called "yesss" has been set for 2021-12-23 15:33:00
ERROR:root:2021-01-04 18:04:38.805939:An error occured with the news API
ERROR:root:2021-01-04 18:04:38.806177:An error occured with the weather API
ERROR:root:2021-01-04 18:04:41.130541:An error occured with the covid API
ERROR:root:2021-01-04 18:05:41.196191:An error occured with the news API
ERROR:root:2021-01-04 18:05:41.196364:An error occured with the weather API
ERROR:root:2021-01-04 18:05:41.421805:An error occured with the covid API
ERROR:root:2021-01-04 18:06:41.473871:An error occured with the news API
ERROR:root:2021-01-04 18:06:41.474050:An error occured with the weather API
ERROR:root:2021-01-04 18:06:43.789322:An error occured with the covid API
ERROR:root:2021-01-04 18:07:43.865655:An error occured with the news API
ERROR:root:2021-01-04 18:07:43.865903:An error occured with the weather API
ERROR:root:2021-01-04 18:07:44.082363:An error occured with the covid API
ERROR:root:2021-01-04 18:08:44.136896:An error occured with the news API
ERROR:root:2021-01-04 18:08:44.137143:An error occured with the weather API
ERROR:root:2021-01-04 18:08:45.079516:An error occured with the covid API
ERROR:root:2021-01-04 18:09:45.163093:An error occured with the news API
ERROR:root:2021-01-04 18:09:45.164510:An error occured with the weather API
ERROR:root:2021-01-04 18:09:45.403945:An error occured with the covid API
ERROR:root:2021-01-04 18:10:45.485626:An error occured with the news API
ERROR:root:2021-01-04 18:10:45.485857:An error occured with the weather API
ERROR:root:2021-01-04 18:10:47.673424:An error occured with the covid API
ERROR:root:2021-01-04 18:11:47.776598:An error occured with the news API
ERROR:root:2021-01-04 18:11:47.783164:An error occured with the weather API
ERROR:root:2021-01-04 18:11:48.055723:An error occured with the covid API
ERROR:root:2021-01-04 18:12:50.233894:An error occured with the news API
ERROR:root:2021-01-04 18:12:50.234279:An error occured with the weather API
ERROR:root:2021-01-04 18:12:52.126239:An error occured with the covid API
ERROR:root:2021-01-04 18:17:44.275346:An error occured with the news API
ERROR:root:2021-01-04 18:17:44.277165:An error occured with the weather API
ERROR:root:2021-01-04 18:17:46.042042:An error occured with the covid API
ERROR:root:2021-01-04 19:14:56.498613:An error has occured with the weather API
ERROR:root:2021-01-04 19:14:56.502174:An error occured with the news API
ERROR:root:2021-01-04 19:14:56.502856:An error occured with the weather API
ERROR:root:2021-01-04 19:14:59.241814:An error occured with the covid API
INFO:root:2021-01-04 19:14:59.243063:An alarm called "yesss" has been restored and set for 1640244780.0
ERROR:root:2021-01-04 19:15:00.170551:An error has occured with the weather API
ERROR:root:2021-01-04 19:15:00.173840:An error occured with the news API
ERROR:root:2021-01-04 19:15:00.174023:An error occured with the weather API
ERROR:root:2021-01-04 19:15:09.478889:An error occured with the covid API
INFO:root:2021-01-04 19:15:09.481072:An alarm called "yesss" has been restored and set for 1640244780.0
ERROR:root:2021-01-04 19:15:09.513910:An error occured with the news API
ERROR:root:2021-01-04 19:15:09.514273:An error occured with the weather API
ERROR:root:2021-01-04 19:15:15.537272:An error occured with the covid API
ERROR:root:2021-01-04 19:16:11.584868:An error occured with the news API
ERROR:root:2021-01-04 19:16:11.585794:An error occured with the weather API
ERROR:root:2021-01-04 19:16:22.757067:An error occured with the covid API
INFO:root:2021-01-04 19:16:22.760402:"yesss" was removed from the list of alarms
